In file included from [01m[K/home/amr/turtlebot3_ws/src/rplidar_ros/sdk/include/sl_lidar_cmd.h:41[m[K,
                 from [01m[K/home/amr/turtlebot3_ws/src/rplidar_ros/sdk/include/sl_lidar_driver.h:54[m[K,
                 from [01m[K/home/amr/turtlebot3_ws/src/rplidar_ros/sdk/include/sl_lidar.h:36[m[K,
                 from [01m[K/home/amr/turtlebot3_ws/src/rplidar_ros/src/rplidar_node.cpp:38[m[K:
[01m[K/home/amr/turtlebot3_ws/src/rplidar_ros/sdk/include/sl_lidar_protocol.h:66:16:[m[K [01;35m[Kwarning: [m[KISO C++ forbids zero-size array â€˜[01m[Kdata[m[Kâ€™ [[01;35m[K]8;;https://gcc.gnu.org/onlinedocs/gcc/Warning-Options.html#index-Wpedantic-Wpedantic]8;;[m[K]
   66 |     sl_u8 data[[01;35m[K0[m[K];
      |                [01;35m[K^[m[K
In file included from [01m[K/home/amr/turtlebot3_ws/src/rplidar_ros/sdk/include/sl_lidar_driver.h:54[m[K,
                 from [01m[K/home/amr/turtlebot3_ws/src/rplidar_ros/sdk/include/sl_lidar.h:36[m[K,
                 from [01m[K/home/amr/turtlebot3_ws/src/rplidar_ros/src/rplidar_node.cpp:38[m[K:
[01m[K/home/amr/turtlebot3_ws/src/rplidar_ros/sdk/include/sl_lidar_cmd.h:324:20:[m[K [01;35m[Kwarning: [m[KISO C++ forbids zero-size array â€˜[01m[Kpayload[m[Kâ€™ [[01;35m[K]8;;https://gcc.gnu.org/onlinedocs/gcc/Warning-Options.html#index-Wpedantic-Wpedantic]8;;[m[K]
  324 |     sl_u8  payload[[01;35m[K0[m[K];
      |                    [01;35m[K^[m[K
In file included from [01m[K/home/amr/turtlebot3_ws/src/rplidar_ros/sdk/src/arch/linux/net_serial.cpp:35[m[K:
[01m[K/home/amr/turtlebot3_ws/src/rplidar_ros/sdk/src/arch/linux/arch_linux.h:63:10:[m[K [01;31m[Kfatal error: [m[Ktimer.h: No such file or directory
compilation terminated.
gmake[2]: *** [CMakeFiles/rplidar_node.dir/build.make:90: CMakeFiles/rplidar_node.dir/sdk/src/arch/linux/net_serial.cpp.o] Error 1
gmake[1]: *** [CMakeFiles/Makefile2:141: CMakeFiles/rplidar_node.dir/all] Error 2
gmake: *** [Makefile:146: all] Error 2
