[0.769s] Invoking command in '/home/amr/turtlebot3_ws/build/rplidar_ros': CMAKE_PREFIX_PATH=${CMAKE_PREFIX_PATH}:/home/amr/turtlebot3_ws/install/turtlebot3_teleop:/home/amr/turtlebot3_ws/install/turtlebot3_example:/home/amr/turtlebot3_ws/src/main/install/main:/opt/ros/humble /usr/bin/cmake /home/amr/turtlebot3_ws/src/rplidar_ros -DAMENT_CMAKE_SYMLINK_INSTALL=1 -DCMAKE_INSTALL_PREFIX=/home/amr/turtlebot3_ws/install/rplidar_ros
[0.945s] -- The C compiler identification is GNU 11.4.0
[1.076s] -- The CXX compiler identification is GNU 11.4.0
[1.090s] -- Detecting C compiler ABI info
[1.281s] -- Detecting C compiler ABI info - done
[1.332s] -- Check for working C compiler: /usr/bin/cc - skipped
[1.334s] -- Detecting C compile features
[1.337s] -- Detecting C compile features - done
[1.357s] -- Detecting CXX compiler ABI info
[1.592s] -- Detecting CXX compiler ABI info - done
[1.608s] -- Check for working CXX compiler: /usr/bin/c++ - skipped
[1.609s] -- Detecting CXX compile features
[1.611s] -- Detecting CXX compile features - done
[1.618s] -- Found ament_cmake: 1.3.12 (/opt/ros/humble/share/ament_cmake/cmake)
[2.130s] -- Found Python3: /usr/bin/python3 (found version "3.10.12") found components: Interpreter 
[2.295s] -- Override CMake install command with custom implementation using symlinks instead of copying resources
[2.407s] -- Found rclcpp: 16.0.15 (/opt/ros/humble/share/rclcpp/cmake)
[2.509s] -- Found rosidl_generator_c: 3.1.7 (/opt/ros/humble/share/rosidl_generator_c/cmake)
[2.522s] -- Found rosidl_adapter: 3.1.7 (/opt/ros/humble/share/rosidl_adapter/cmake)
[2.541s] -- Found rosidl_generator_cpp: 3.1.7 (/opt/ros/humble/share/rosidl_generator_cpp/cmake)
[2.573s] -- Using all available rosidl_typesupport_c: rosidl_typesupport_fastrtps_c;rosidl_typesupport_introspection_c
[2.611s] -- Using all available rosidl_typesupport_cpp: rosidl_typesupport_fastrtps_cpp;rosidl_typesupport_introspection_cpp
[2.718s] -- Found rmw_implementation_cmake: 6.1.2 (/opt/ros/humble/share/rmw_implementation_cmake/cmake)
[2.725s] -- Found rmw_fastrtps_cpp: 6.2.8 (/opt/ros/humble/share/rmw_fastrtps_cpp/cmake)
[2.918s] -- Found OpenSSL: /usr/lib/x86_64-linux-gnu/libcrypto.so (found version "3.0.2")  
[2.972s] -- Found FastRTPS: /opt/ros/humble/include  
[3.062s] -- Using RMW implementation 'rmw_fastrtps_cpp' as default
[3.096s] -- Looking for pthread.h
[3.252s] -- Looking for pthread.h - found
[3.253s] -- Performing Test CMAKE_HAVE_LIBC_PTHREAD
[3.433s] -- Performing Test CMAKE_HAVE_LIBC_PTHREAD - Success
[3.437s] -- Found Threads: TRUE  
[3.602s] -- Found sensor_msgs: 4.9.0 (/opt/ros/humble/share/sensor_msgs/cmake)
[3.679s] -- Found std_srvs: 4.9.0 (/opt/ros/humble/share/std_srvs/cmake)
[3.991s] -- Configuring done
[4.034s] -- Generating done
[4.048s] -- Build files have been written to: /home/amr/turtlebot3_ws/build/rplidar_ros
[4.077s] Invoked command in '/home/amr/turtlebot3_ws/build/rplidar_ros' returned '0': CMAKE_PREFIX_PATH=${CMAKE_PREFIX_PATH}:/home/amr/turtlebot3_ws/install/turtlebot3_teleop:/home/amr/turtlebot3_ws/install/turtlebot3_example:/home/amr/turtlebot3_ws/src/main/install/main:/opt/ros/humble /usr/bin/cmake /home/amr/turtlebot3_ws/src/rplidar_ros -DAMENT_CMAKE_SYMLINK_INSTALL=1 -DCMAKE_INSTALL_PREFIX=/home/amr/turtlebot3_ws/install/rplidar_ros
[4.078s] Invoking command in '/home/amr/turtlebot3_ws/build/rplidar_ros': CMAKE_PREFIX_PATH=${CMAKE_PREFIX_PATH}:/home/amr/turtlebot3_ws/install/turtlebot3_teleop:/home/amr/turtlebot3_ws/install/turtlebot3_example:/home/amr/turtlebot3_ws/src/main/install/main:/opt/ros/humble /usr/bin/cmake --build /home/amr/turtlebot3_ws/build/rplidar_ros -- -j4 -l4
[4.185s] [  2%] [32mBuilding CXX object CMakeFiles/rplidar_node.dir/src/rplidar_node.cpp.o[0m
[11.645s] In file included from [01m[K/home/amr/turtlebot3_ws/src/rplidar_ros/sdk/include/sl_lidar_cmd.h:41[m[K,
[11.645s]                  from [01m[K/home/amr/turtlebot3_ws/src/rplidar_ros/sdk/include/sl_lidar_driver.h:54[m[K,
[11.645s]                  from [01m[K/home/amr/turtlebot3_ws/src/rplidar_ros/sdk/include/sl_lidar.h:36[m[K,
[11.645s]                  from [01m[K/home/amr/turtlebot3_ws/src/rplidar_ros/src/rplidar_node.cpp:38[m[K:
[11.645s] [01m[K/home/amr/turtlebot3_ws/src/rplidar_ros/sdk/include/sl_lidar_protocol.h:66:16:[m[K [01;35m[Kwarning: [m[KISO C++ forbids zero-size array â€˜[01m[Kdata[m[Kâ€™ [[01;35m[K]8;;https://gcc.gnu.org/onlinedocs/gcc/Warning-Options.html#index-Wpedantic-Wpedantic]8;;[m[K]
[11.645s]    66 |     sl_u8 data[[01;35m[K0[m[K];
[11.646s]       |                [01;35m[K^[m[K
[11.646s] In file included from [01m[K/home/amr/turtlebot3_ws/src/rplidar_ros/sdk/include/sl_lidar_driver.h:54[m[K,
[11.646s]                  from [01m[K/home/amr/turtlebot3_ws/src/rplidar_ros/sdk/include/sl_lidar.h:36[m[K,
[11.646s]                  from [01m[K/home/amr/turtlebot3_ws/src/rplidar_ros/src/rplidar_node.cpp:38[m[K:
[11.647s] [01m[K/home/amr/turtlebot3_ws/src/rplidar_ros/sdk/include/sl_lidar_cmd.h:324:20:[m[K [01;35m[Kwarning: [m[KISO C++ forbids zero-size array â€˜[01m[Kpayload[m[Kâ€™ [[01;35m[K]8;;https://gcc.gnu.org/onlinedocs/gcc/Warning-Options.html#index-Wpedantic-Wpedantic]8;;[m[K]
[11.647s]   324 |     sl_u8  payload[[01;35m[K0[m[K];
[11.649s]       |                    [01;35m[K^[m[K
[18.450s] [  5%] [32mBuilding CXX object CMakeFiles/rplidar_node.dir/sdk/src/arch/linux/net_serial.cpp.o[0m
[18.778s] In file included from [01m[K/home/amr/turtlebot3_ws/src/rplidar_ros/sdk/src/arch/linux/net_serial.cpp:35[m[K:
[18.778s] [01m[K/home/amr/turtlebot3_ws/src/rplidar_ros/sdk/src/arch/linux/arch_linux.h:63:10:[m[K [01;31m[Kfatal error: [m[Ktimer.h: No such file or directory
[18.779s] compilation terminated.
[18.789s] gmake[2]: *** [CMakeFiles/rplidar_node.dir/build.make:90: CMakeFiles/rplidar_node.dir/sdk/src/arch/linux/net_serial.cpp.o] Error 1
[18.789s] gmake[1]: *** [CMakeFiles/Makefile2:141: CMakeFiles/rplidar_node.dir/all] Error 2
[18.789s] gmake: *** [Makefile:146: all] Error 2
[18.796s] Invoked command in '/home/amr/turtlebot3_ws/build/rplidar_ros' returned '2': CMAKE_PREFIX_PATH=${CMAKE_PREFIX_PATH}:/home/amr/turtlebot3_ws/install/turtlebot3_teleop:/home/amr/turtlebot3_ws/install/turtlebot3_example:/home/amr/turtlebot3_ws/src/main/install/main:/opt/ros/humble /usr/bin/cmake --build /home/amr/turtlebot3_ws/build/rplidar_ros -- -j4 -l4
